E:\PROJECTS\KNIGHTBRAWL\KNIGHTDEV\DEBUG\PLAYERCONTROLLER.OBJ
E:\PROJECTS\KNIGHTBRAWL\KNIGHTDEV\DEBUG\PROJECTILE.OBJ
E:\PROJECTS\KNIGHTBRAWL\KNIGHTDEV\DEBUG\PROJECTILESPAWNER.OBJ
E:\PROJECTS\KNIGHTBRAWL\KNIGHTDEV\DEBUG\PUGIXML.OBJ
E:\PROJECTS\KNIGHTBRAWL\KNIGHTDEV\DEBUG\RECTANGLE.OBJ
E:\PROJECTS\KNIGHTBRAWL\KNIGHTDEV\DEBUG\SCORESTATE.OBJ
E:\PROJECTS\KNIGHTBRAWL\KNIGHTDEV\DEBUG\SDL.OBJ
E:\PROJECTS\KNIGHTBRAWL\KNIGHTDEV\DEBUG\SFX.OBJ
E:\PROJECTS\KNIGHTBRAWL\KNIGHTDEV\DEBUG\SOUND.OBJ
E:\PROJECTS\KNIGHTBRAWL\KNIGHTDEV\DEBUG\SPECIALCOMBO.OBJ
E:\PROJECTS\KNIGHTBRAWL\KNIGHTDEV\DEBUG\SPRITE.OBJ
E:\PROJECTS\KNIGHTBRAWL\KNIGHTDEV\DEBUG\STATEDATA.OBJ
E:\PROJECTS\KNIGHTBRAWL\KNIGHTDEV\DEBUG\STATEMANAGER.OBJ
E:\PROJECTS\KNIGHTBRAWL\KNIGHTDEV\DEBUG\TEXT.OBJ
E:\PROJECTS\KNIGHTBRAWL\KNIGHTDEV\DEBUG\TEXTURE.OBJ
E:\PROJECTS\KNIGHTBRAWL\KNIGHTDEV\DEBUG\TIMER.OBJ
E:\PROJECTS\KNIGHTBRAWL\KNIGHTDEV\DEBUG\TRAPEFFECT.OBJ
E:\PROJECTS\KNIGHTBRAWL\KNIGHTDEV\DEBUG\TRAPSPAWNER.OBJ
E:\PROJECTS\KNIGHTBRAWL\KNIGHTDEV\DEBUG\VICTORYSTATE.OBJ
E:\PROJECTS\KNIGHTBRAWL\KNIGHTDEV\DEBUG\WINDOW.OBJ
E:\PROJECTS\KNIGHTBRAWL\KNIGHTDEV\DEBUG\ANIMATION.OBJ
E:\PROJECTS\KNIGHTBRAWL\KNIGHTDEV\DEBUG\AREAEFFECT.OBJ
E:\PROJECTS\KNIGHTBRAWL\KNIGHTDEV\DEBUG\BUFFEFFECT.OBJ
E:\PROJECTS\KNIGHTBRAWL\KNIGHTDEV\DEBUG\CAMERA.OBJ
E:\PROJECTS\KNIGHTBRAWL\KNIGHTDEV\DEBUG\CHARACTERSELECTSTATE.OBJ
E:\PROJECTS\KNIGHTBRAWL\KNIGHTDEV\DEBUG\COLOR.OBJ
E:\PROJECTS\KNIGHTBRAWL\KNIGHTDEV\DEBUG\EFFECT.OBJ
E:\PROJECTS\KNIGHTBRAWL\KNIGHTDEV\DEBUG\FONT.OBJ
E:\PROJECTS\KNIGHTBRAWL\KNIGHTDEV\DEBUG\GAMESTATE.OBJ
E:\PROJECTS\KNIGHTBRAWL\KNIGHTDEV\DEBUG\INPUT.OBJ
E:\PROJECTS\KNIGHTBRAWL\KNIGHTDEV\DEBUG\KEY.OBJ
E:\PROJECTS\KNIGHTBRAWL\KNIGHTDEV\DEBUG\KNIGHT.OBJ
E:\PROJECTS\KNIGHTBRAWL\KNIGHTDEV\DEBUG\LEVEL.OBJ
E:\PROJECTS\KNIGHTBRAWL\KNIGHTDEV\DEBUG\MAIN.OBJ
E:\PROJECTS\KNIGHTBRAWL\KNIGHTDEV\DEBUG\MENUSTATE.OBJ
E:\PROJECTS\KNIGHTBRAWL\KNIGHTDEV\DEBUG\MUSIC.OBJ
E:\PROJECTS\KNIGHTBRAWL\KNIGHTDEV\DEBUG\PLAYERACTOR.OBJ
E:\PROJECTS\KNIGHTBRAWL\KNIGHTDEV\DEBUG\VC110.PDB
E:\Projects\KnightBrawl\KnightDev\Debug\Animation.obj
E:\Projects\KnightBrawl\KnightDev\Debug\AreaEffect.obj
E:\Projects\KnightBrawl\KnightDev\Debug\BuffEffect.obj
E:\Projects\KnightBrawl\KnightDev\Debug\Camera.obj
E:\Projects\KnightBrawl\KnightDev\Debug\CharacterSelectState.obj
E:\Projects\KnightBrawl\KnightDev\Debug\Color.obj
E:\Projects\KnightBrawl\KnightDev\Debug\Effect.obj
E:\Projects\KnightBrawl\KnightDev\Debug\Font.obj
E:\Projects\KnightBrawl\KnightDev\Debug\GameState.obj
E:\Projects\KnightBrawl\KnightDev\Debug\Input.obj
E:\Projects\KnightBrawl\KnightDev\Debug\Key.obj
E:\Projects\KnightBrawl\KnightDev\Debug\Knight.obj
E:\Projects\KnightBrawl\KnightDev\Debug\Level.obj
E:\Projects\KnightBrawl\KnightDev\Debug\main.obj
E:\Projects\KnightBrawl\KnightDev\Debug\MenuState.obj
E:\Projects\KnightBrawl\KnightDev\Debug\Music.obj
E:\Projects\KnightBrawl\KnightDev\Debug\PlayerActor.obj
E:\Projects\KnightBrawl\KnightDev\Debug\PlayerController.obj
E:\Projects\KnightBrawl\KnightDev\Debug\Projectile.obj
E:\Projects\KnightBrawl\KnightDev\Debug\ProjectileSpawner.obj
E:\Projects\KnightBrawl\KnightDev\Debug\PugiXML.obj
E:\Projects\KnightBrawl\KnightDev\Debug\Rectangle.obj
E:\Projects\KnightBrawl\KnightDev\Debug\ScoreState.obj
E:\Projects\KnightBrawl\KnightDev\Debug\SDL.obj
E:\Projects\KnightBrawl\KnightDev\Debug\SFX.obj
E:\Projects\KnightBrawl\KnightDev\Debug\Sound.obj
E:\Projects\KnightBrawl\KnightDev\Debug\SpecialCombo.obj
E:\Projects\KnightBrawl\KnightDev\Debug\Sprite.obj
E:\Projects\KnightBrawl\KnightDev\Debug\StateData.obj
E:\Projects\KnightBrawl\KnightDev\Debug\StateManager.obj
E:\Projects\KnightBrawl\KnightDev\Debug\Text.obj
E:\Projects\KnightBrawl\KnightDev\Debug\Texture.obj
E:\Projects\KnightBrawl\KnightDev\Debug\Timer.obj
E:\Projects\KnightBrawl\KnightDev\Debug\TrapEffect.obj
E:\Projects\KnightBrawl\KnightDev\Debug\TrapSpawner.obj
E:\Projects\KnightBrawl\KnightDev\Debug\VictoryState.obj
E:\Projects\KnightBrawl\KnightDev\Debug\Window.obj
E:\Projects\KnightBrawl\KnightDev\Debug\cl.command.1.tlog
E:\Projects\KnightBrawl\KnightDev\Debug\CL.read.1.tlog
E:\Projects\KnightBrawl\KnightDev\Debug\CL.write.1.tlog
E:\Projects\KnightBrawl\KnightDev\Debug\link-cvtres.read.1.tlog
E:\Projects\KnightBrawl\KnightDev\Debug\link-cvtres.write.1.tlog
E:\Projects\KnightBrawl\KnightDev\Debug\link-rc.read.1.tlog
E:\Projects\KnightBrawl\KnightDev\Debug\link-rc.write.1.tlog
E:\Projects\KnightBrawl\KnightDev\Debug\link.command.1.tlog
E:\Projects\KnightBrawl\KnightDev\Debug\link.read.1.tlog
E:\Projects\KnightBrawl\KnightDev\Debug\link.write.1.tlog
E:\Projects\KnightBrawl\KnightDev\Debug\vc110.idb
E:\Projects\KnightBrawl\KnightDev\Debug\vc110.pdb
