Build started 19.8.2015 11:28:20.
     1>Project "K:\Projektit\KnightBrawl\KnightDev\KnightDev.vcxproj" on node 2 (Build target(s)).
     1>ClCompile:
         C:\Program Files (x86)\Microsoft Visual Studio 11.0\VC\bin\CL.exe /c /ZI /nologo /W3 /WX- /sdl /Od /Oy- /D _MBCS /Gm /EHsc /RTC1 /MDd /GS /fp:precise /Zc:wchar_t /Zc:forScope /Fo"Debug\\" /Fd"Debug\vc110.pdb" /Gd /TP /analyze- /errorReport:prompt ..\Sources\CharacterSelectState.cpp ..\Sources\GameState.cpp ..\Sources\MenuState.cpp ..\Sources\StateManager.cpp ..\Sources\VictoryState.cpp ..\Sources\main.cpp
         GameState.cpp
     1>k:\projektit\knightbrawl\sources\gamestate.cpp(125): warning C4018: '<' : signed/unsigned mismatch
     1>k:\projektit\knightbrawl\sources\gamestate.cpp(130): warning C4018: '<' : signed/unsigned mismatch
     1>k:\projektit\knightbrawl\sources\gamestate.cpp(135): warning C4018: '<' : signed/unsigned mismatch
     1>k:\projektit\knightbrawl\sources\gamestate.cpp(175): warning C4018: '<' : signed/unsigned mismatch
     1>k:\projektit\knightbrawl\sources\gamestate.cpp(261): warning C4018: '<' : signed/unsigned mismatch
         CharacterSelectState.cpp
     1>k:\projektit\knightbrawl\sources\characterselectstate.cpp(326): warning C4018: '<' : signed/unsigned mismatch
         Generating Code...
         Compiling...
         StateManager.cpp
         Generating Code...
         Skipping... (no relevant changes detected)
         main.cpp
         VictoryState.cpp
         MenuState.cpp
       Link:
         C:\Program Files (x86)\Microsoft Visual Studio 11.0\VC\bin\link.exe /ERRORREPORT:PROMPT /OUT:"K:\Projektit\KnightBrawl\Debug\KnightDev.exe" /INCREMENTAL /NOLOGO SDL2.lib SDL2main.lib SDL2_image.lib SDL2_ttf.lib SDL2_mixer.lib SDL2_net.lib kernel32.lib user32.lib gdi32.lib winspool.lib comdlg32.lib advapi32.lib shell32.lib ole32.lib oleaut32.lib uuid.lib odbc32.lib odbccp32.lib /MANIFEST /MANIFESTUAC:"level='asInvoker' uiAccess='false'" /manifest:embed /DEBUG /PDB:"K:\Projektit\KnightBrawl\Debug\KnightDev.pdb" /SUBSYSTEM:CONSOLE /TLBID:1 /DYNAMICBASE /NXCOMPAT /IMPLIB:"K:\Projektit\KnightBrawl\Debug\KnightDev.lib" /MACHINE:X86 Debug\Animation.obj
         Debug\AreaEffect.obj
         Debug\BuffEffect.obj
         Debug\Camera.obj
         Debug\CharacterSelectState.obj
         Debug\Color.obj
         Debug\Effect.obj
         Debug\Font.obj
         Debug\GameState.obj
         Debug\Input.obj
         Debug\Key.obj
         Debug\Knight.obj
         Debug\Level.obj
         Debug\main.obj
         Debug\MenuState.obj
         Debug\Music.obj
         Debug\PlayerActor.obj
         Debug\PlayerController.obj
         Debug\Projectile.obj
         Debug\ProjectileSpawner.obj
         Debug\PugiXML.obj
         Debug\Rectangle.obj
         Debug\ScoreState.obj
         Debug\SDL.obj
         Debug\SFX.obj
         Debug\Sound.obj
         Debug\SpecialCombo.obj
         Debug\Sprite.obj
         Debug\StateData.obj
         Debug\StateManager.obj
         Debug\Text.obj
         Debug\Texture.obj
         Debug\Timer.obj
         Debug\TrapEffect.obj
         Debug\TrapSpawner.obj
         Debug\VictoryState.obj
         Debug\Window.obj
         KnightDev.vcxproj -> K:\Projektit\KnightBrawl\Debug\KnightDev.exe
     1>Done Building Project "K:\Projektit\KnightBrawl\KnightDev\KnightDev.vcxproj" (Build target(s)).

Build succeeded.

Time Elapsed 00:00:11.06
