Build started 11.7.2015 20:55:48.
     1>Project "C:\Users\Ianuarius\Documents\Projects\KnightDev\KnightDev\KnightDev.vcxproj" on node 2 (Build target(s)).
     1>Link:
         C:\Program Files (x86)\Microsoft Visual Studio 11.0\VC\bin\link.exe /ERRORREPORT:PROMPT /OUT:"C:\Users\Ianuarius\Documents\Projects\KnightDev\Release\KnightDev.exe" /NOLOGO SDL2_image.lib SDL2.lib SDL2main.lib SDL2_ttf.lib SDL2_mixer.lib SDL2_net.lib kernel32.lib user32.lib gdi32.lib winspool.lib comdlg32.lib advapi32.lib shell32.lib ole32.lib oleaut32.lib uuid.lib odbc32.lib odbccp32.lib /MANIFEST /MANIFESTUAC:"level='asInvoker' uiAccess='false'" /manifest:embed /DEBUG /PDB:"C:\Users\Ianuarius\Documents\Projects\KnightDev\Release\KnightDev.pdb" /SUBSYSTEM:WINDOWS /OPT:REF /OPT:ICF /LTCG /TLBID:1 /ENTRY:"main" /DYNAMICBASE /NXCOMPAT /IMPLIB:"C:\Users\Ianuarius\Documents\Projects\KnightDev\Release\KnightDev.lib" /MACHINE:X86 /SAFESEH Release\Animation.obj
         Release\Camera.obj
         Release\CharacterSelectState.obj
         Release\Color.obj
         Release\Font.obj
         Release\GameState.obj
         Release\Input.obj
         Release\Knight.obj
         Release\Level.obj
         Release\main.obj
         Release\MenuState.obj
         Release\Music.obj
         Release\PlayerActor.obj
         Release\PlayerController.obj
         Release\PugiXML.obj
         Release\Rectangle.obj
         Release\ScoreState.obj
         Release\SDL.obj
         Release\SFX.obj
         Release\SpecialCombo.obj
         Release\Sprite.obj
         Release\StateData.obj
         Release\StateManager.obj
         Release\Text.obj
         Release\Texture.obj
         Release\Timer.obj
         Release\VictoryState.obj
         Release\Window.obj
         Generating code
         Finished generating code
     1>Animation.obj : warning LNK4210: .CRT section exists; there may be unhandled static initializers or terminators
     1>MSVCRT.lib(atonexit.obj) : warning LNK4210: .CRT section exists; there may be unhandled static initializers or terminators
         KnightDev.vcxproj -> C:\Users\Ianuarius\Documents\Projects\KnightDev\Release\KnightDev.exe
     1>Done Building Project "C:\Users\Ianuarius\Documents\Projects\KnightDev\KnightDev\KnightDev.vcxproj" (Build target(s)).

Build succeeded.

Time Elapsed 00:00:01.79
